<?xml version="1.0" encoding="UTF-8"?>
<!-- Generated by org.testng.reporters.JUnitReportReporter -->
<testsuite hostname="saini-PC" failures="0" tests="4" name="TestngFramework.DataProviders" time="18.149" errors="0" timestamp="2021-08-25T15:43:01 IST" skipped="0">
  <testcase classname="TestngFramework.DataProviders" name="form2" time="0.005"/>
  <system-out/>
  <testcase classname="TestngFramework.DataProviders" name="form2" time="0.002"/>
  <system-out/>
  <testcase classname="TestngFramework.DataProviders" name="contact" time="18.138"/>
  <system-out/>
  <testcase classname="TestngFramework.DataProviders" name="form2" time="0.004"/>
  <system-out/>
</testsuite> <!-- TestngFramework.DataProviders -->
