<?xml version="1.0" encoding="UTF-8"?>
<!-- Generated by org.testng.reporters.JUnitReportReporter -->
<testsuite hostname="saini-PC" failures="0" tests="2" name="TestngFramework.Register" time="8.411" errors="0" timestamp="2021-08-23T18:11:09 IST" skipped="0">
  <testcase classname="TestngFramework.Register" name="register" time="4.984"/>
  <system-out/>
  <testcase classname="TestngFramework.Register" name="newForm" time="3.427"/>
  <system-out/>
</testsuite> <!-- TestngFramework.Register -->
