<?xml version="1.0" encoding="UTF-8"?>
<!-- Generated by org.testng.reporters.JUnitReportReporter -->
<testsuite hostname="saini-PC" failures="0" tests="2" name="TestngFramework.Groups" time="15.062" errors="0" timestamp="2021-08-26T13:02:11 IST" skipped="0">
  <testcase classname="TestngFramework.Groups" name="contact" time="12.362"/>
  <system-out/>
  <testcase classname="TestngFramework.Groups" name="register" time="2.700"/>
  <system-out/>
</testsuite> <!-- TestngFramework.Groups -->
