<?xml version="1.0" encoding="UTF-8"?>
<!-- Generated by org.testng.reporters.JUnitReportReporter -->
<testsuite hostname="saini-PC" failures="0" tests="2" name="TestngFramework.ContactUs" time="27.101" errors="0" timestamp="2021-08-25T12:47:06 IST" skipped="0">
  <testcase classname="TestngFramework.ContactUs" name="form" time="0.473"/>
  <system-out/>
  <testcase classname="TestngFramework.ContactUs" name="contact" time="26.628"/>
  <system-out/>
</testsuite> <!-- TestngFramework.ContactUs -->
