<?xml version="1.0" encoding="UTF-8"?>
<!-- Generated by org.testng.reporters.JUnitReportReporter -->
<testsuite hostname="saini-PC" failures="0" tests="3" name="TestngFramework.HomePage" time="5.550" errors="0" timestamp="2021-08-26T13:02:11 IST" skipped="0">
  <testcase classname="TestngFramework.HomePage" name="logo" time="0.231"/>
  <system-out/>
  <testcase classname="TestngFramework.HomePage" name="form" time="3.594"/>
  <system-out/>
  <testcase classname="TestngFramework.HomePage" name="register" time="1.725"/>
  <system-out/>
</testsuite> <!-- TestngFramework.HomePage -->
