<?xml version="1.0" encoding="UTF-8"?>
<!-- Generated by org.testng.reporters.JUnitReportReporter -->
<testsuite hostname="saini-PC" failures="0" tests="2" name="TestngFramework.ParametersContactUs" time="15.120" errors="0" timestamp="2021-08-26T12:54:19 IST" skipped="0">
  <testcase classname="TestngFramework.ParametersContactUs" name="contactForm" time="0.345"/>
  <system-out/>
  <testcase classname="TestngFramework.ParametersContactUs" name="contact" time="14.775"/>
  <system-out/>
</testsuite> <!-- TestngFramework.ParametersContactUs -->
