<?xml version="1.0" encoding="UTF-8"?>
<!-- Generated by org.testng.reporters.JUnitReportReporter -->
<testsuite hostname="saini-PC" failures="0" tests="1" name="TestngFramework.SoftAssertion" time="11.670" errors="0" timestamp="2021-08-26T11:55:40 IST" skipped="0">
  <testcase classname="TestngFramework.SoftAssertion" name="contact" time="11.670"/>
  <system-out/>
</testsuite> <!-- TestngFramework.SoftAssertion -->
