<?xml version="1.0" encoding="UTF-8"?>
<!-- Generated by org.testng.reporters.JUnitReportReporter -->
<testsuite hostname="saini-PC" failures="0" tests="1" name="TestngPractice.Testng1" time="0.016" errors="0" timestamp="2021-08-05T08:48:28 IST" skipped="0">
  <testcase classname="TestngPractice.Testng1" name="setup" time="0.016"/>
  <system-out/>
</testsuite> <!-- TestngPractice.Testng1 -->
